<?xml version="1.0" encoding="UTF-8"?>
<!-- Generated by org.testng.reporters.JUnitReportReporter -->
<testsuite hostname="DESKTOP-JLD6EGK" failures="0" tests="2" name="Testngpackage.DependsOn" time="0.118" errors="0" timestamp="2024-03-19T14:37:39 IST" skipped="0">
  <testcase classname="Testngpackage.DependsOn" name="Login" time="0.008"/>
  <system-out/>
  <testcase classname="Testngpackage.DependsOn" name="Accountcreation" time="0.110"/>
  <system-out/>
</testsuite> <!-- Testngpackage.DependsOn -->
