<?xml version="1.0" encoding="UTF-8"?>
<!-- Generated by org.testng.reporters.JUnitReportReporter -->
<testsuite hostname="DESKTOP-JLD6EGK" failures="0" tests="3" name="Testngpackage.GroupsExample" time="0.172" errors="0" timestamp="2024-03-19T14:59:21 IST" skipped="0">
  <testcase classname="Testngpackage.GroupsExample" name="Testcase3" time="0.008"/>
  <system-out/>
  <testcase classname="Testngpackage.GroupsExample" name="Testcase2" time="0.008"/>
  <system-out/>
  <testcase classname="Testngpackage.GroupsExample" name="Testcase1" time="0.156"/>
  <system-out/>
</testsuite> <!-- Testngpackage.GroupsExample -->
