<?xml version="1.0" encoding="UTF-8"?>
<!-- Generated by org.testng.reporters.JUnitReportReporter -->
<testsuite hostname="DESKTOP-JLD6EGK" failures="0" tests="3" name="Tests.Testngbasic" time="1.126" errors="0" timestamp="2024-04-01T18:20:32 IST" skipped="0">
  <testcase classname="Tests.Testngbasic" name="Enterlocation" time="0.713"/>
  <system-out/>
  <testcase classname="Tests.Testngbasic" name="SelectDropdown" time="0.394"/>
  <system-out/>
  <testcase classname="Tests.Testngbasic" name="Deals" time="0.019"/>
  <system-out/>
</testsuite> <!-- Tests.Testngbasic -->
