<?xml version="1.0" encoding="UTF-8"?>
<!-- Generated by org.testng.reporters.JUnitReportReporter -->
<testsuite hostname="DESKTOP-JLD6EGK" failures="0" tests="1" name="Tests.Dealspagetest" time="1.058" errors="0" timestamp="2024-04-04T14:17:46 IST" skipped="0">
  <testcase classname="Tests.Dealspagetest" name="stringtext" time="1.058"/>
  <system-out/>
</testsuite> <!-- Tests.Dealspagetest -->
