<?xml version="1.0" encoding="UTF-8"?>
<!-- Generated by org.testng.reporters.JUnitReportReporter -->
<testsuite hostname="DESKTOP-JLD6EGK" failures="0" tests="19" name="Tests.Homepagetest" time="35.950" errors="0" timestamp="2024-05-05T20:20:20 IST" skipped="0">
  <testcase classname="Tests.Homepagetest" name="exceldata" time="12.020"/>
  <system-out/>
  <testcase classname="Tests.Homepagetest" name="Enterlocation" time="1.686"/>
  <system-out/>
  <testcase classname="Tests.Homepagetest" name="SelectDropdown" time="0.899"/>
  <system-out/>
  <testcase classname="Tests.Homepagetest" name="side" time="8.573"/>
  <system-out/>
  <testcase classname="Tests.Homepagetest" name="txt" time="0.588"/>
  <system-out/>
  <testcase classname="Tests.Homepagetest" name="checkprice" time="0.831"/>
  <system-out/>
  <testcase classname="Tests.Homepagetest" name="drinkspage" time="1.125"/>
  <system-out/>
  <testcase classname="Tests.Homepagetest" name="drinkspage1" time="1.996"/>
  <system-out/>
  <testcase classname="Tests.Homepagetest" name="btncheckout" time="2.085"/>
  <system-out/>
  <testcase classname="Tests.Homepagetest" name="radioselect" time="0.663"/>
  <system-out/>
  <testcase classname="Tests.Homepagetest" name="cashselect" time="0.420"/>
  <system-out/>
  <testcase classname="Tests.Homepagetest" name="checkboxselection" time="0.034"/>
  <system-out/>
  <testcase classname="Tests.Homepagetest" name="persondetails" time="1.135"/>
  <system-out/>
  <testcase classname="Tests.Homepagetest" name="card" time="1.563"/>
  <system-out/>
  <testcase classname="Tests.Homepagetest" name="voucherlink" time="0.409"/>
  <system-out/>
  <testcase classname="Tests.Homepagetest" name="enterdetails" time="0.396"/>
  <system-out/>
  <testcase classname="Tests.Homepagetest" name="errormessage" time="0.999"/>
  <system-out/>
  <testcase classname="Tests.Homepagetest" name="crossbtn" time="0.492"/>
  <system-out/>
  <testcase classname="Tests.Homepagetest" name="navigatetopage" time="0.036"/>
  <system-out/>
</testsuite> <!-- Tests.Homepagetest -->
