<?xml version="1.0" encoding="UTF-8"?>
<!-- Generated by org.testng.reporters.JUnitReportReporter -->
<testsuite hostname="DESKTOP-JLD6EGK" failures="0" tests="3" name="Testngpackage.Testngbasic" time="0.190" errors="0" timestamp="2024-03-19T13:00:25 IST" skipped="0">
  <testcase classname="Testngpackage.Testngbasic" name="pizzahut" time="0.173"/>
  <system-out/>
  <testcase classname="Testngpackage.Testngbasic" name="pizzahut1" time="0.010"/>
  <system-out/>
  <testcase classname="Testngpackage.Testngbasic" name="pizzahut001" time="0.007"/>
  <system-out/>
</testsuite> <!-- Testngpackage.Testngbasic -->
